{"/Users/zsolt/Documents/Code/Red-Tetris/red_tetris/src/client/js/client.js": {"path":"/Users/zsolt/Documents/Code/Red-Tetris/red_tetris/src/client/js/client.js","statementMap":{"0":{"start":{"line":2,"column":16},"end":{"line":2,"column":54}},"1":{"start":{"line":3,"column":2},"end":{"line":3,"column":31}},"2":{"start":{"line":4,"column":2},"end":{"line":4,"column":46}},"3":{"start":{"line":5,"column":2},"end":{"line":5,"column":36}},"4":{"start":{"line":6,"column":2},"end":{"line":6,"column":28}},"5":{"start":{"line":9,"column":24},"end":{"line":9,"column":53}},"6":{"start":{"line":10,"column":4},"end":{"line":10,"column":48}},"7":{"start":{"line":11,"column":4},"end":{"line":11,"column":67}},"8":{"start":{"line":12,"column":4},"end":{"line":12,"column":64}},"9":{"start":{"line":13,"column":4},"end":{"line":13,"column":47}},"10":{"start":{"line":14,"column":4},"end":{"line":14,"column":48}},"11":{"start":{"line":15,"column":4},"end":{"line":15,"column":49}},"12":{"start":{"line":16,"column":4},"end":{"line":16,"column":39}},"13":{"start":{"line":17,"column":4},"end":{"line":17,"column":38}},"14":{"start":{"line":18,"column":4},"end":{"line":18,"column":48}},"15":{"start":{"line":20,"column":4},"end":{"line":29,"column":5}},"16":{"start":{"line":20,"column":17},"end":{"line":20,"column":18}},"17":{"start":{"line":21,"column":19},"end":{"line":21,"column":48}},"18":{"start":{"line":22,"column":6},"end":{"line":22,"column":45}},"19":{"start":{"line":23,"column":6},"end":{"line":23,"column":44}},"20":{"start":{"line":24,"column":6},"end":{"line":24,"column":32}},"21":{"start":{"line":25,"column":6},"end":{"line":25,"column":33}},"22":{"start":{"line":26,"column":6},"end":{"line":26,"column":33}},"23":{"start":{"line":27,"column":6},"end":{"line":27,"column":38}},"24":{"start":{"line":28,"column":6},"end":{"line":28,"column":36}},"25":{"start":{"line":30,"column":4},"end":{"line":30,"column":35}},"26":{"start":{"line":34,"column":24},"end":{"line":34,"column":53}},"27":{"start":{"line":35,"column":28},"end":{"line":35,"column":57}},"28":{"start":{"line":36,"column":4},"end":{"line":36,"column":43}},"29":{"start":{"line":37,"column":4},"end":{"line":37,"column":43}},"30":{"start":{"line":38,"column":4},"end":{"line":38,"column":65}},"31":{"start":{"line":39,"column":4},"end":{"line":39,"column":62}},"32":{"start":{"line":40,"column":4},"end":{"line":40,"column":57}},"33":{"start":{"line":41,"column":4},"end":{"line":50,"column":5}},"34":{"start":{"line":41,"column":17},"end":{"line":41,"column":18}},"35":{"start":{"line":42,"column":19},"end":{"line":42,"column":48}},"36":{"start":{"line":43,"column":6},"end":{"line":43,"column":45}},"37":{"start":{"line":44,"column":6},"end":{"line":44,"column":44}},"38":{"start":{"line":45,"column":6},"end":{"line":45,"column":32}},"39":{"start":{"line":46,"column":6},"end":{"line":46,"column":33}},"40":{"start":{"line":47,"column":6},"end":{"line":47,"column":33}},"41":{"start":{"line":48,"column":6},"end":{"line":48,"column":38}},"42":{"start":{"line":49,"column":6},"end":{"line":49,"column":40}},"43":{"start":{"line":51,"column":19},"end":{"line":51,"column":51}},"44":{"start":{"line":52,"column":4},"end":{"line":52,"column":30}},"45":{"start":{"line":53,"column":4},"end":{"line":53,"column":34}},"46":{"start":{"line":54,"column":4},"end":{"line":54,"column":38}},"47":{"start":{"line":55,"column":4},"end":{"line":55,"column":33}},"48":{"start":{"line":56,"column":4},"end":{"line":56,"column":33}},"49":{"start":{"line":57,"column":4},"end":{"line":57,"column":45}},"50":{"start":{"line":58,"column":4},"end":{"line":58,"column":36}},"51":{"start":{"line":59,"column":4},"end":{"line":59,"column":35}},"52":{"start":{"line":62,"column":2},"end":{"line":62,"column":23}},"53":{"start":{"line":63,"column":2},"end":{"line":63,"column":20}},"54":{"start":{"line":64,"column":2},"end":{"line":64,"column":22}},"55":{"start":{"line":65,"column":2},"end":{"line":65,"column":22}},"56":{"start":{"line":69,"column":16},"end":{"line":69,"column":54}},"57":{"start":{"line":70,"column":2},"end":{"line":70,"column":23}},"58":{"start":{"line":74,"column":2},"end":{"line":74,"column":28}},"59":{"start":{"line":75,"column":2},"end":{"line":81,"column":3}},"60":{"start":{"line":76,"column":24},"end":{"line":76,"column":62}},"61":{"start":{"line":77,"column":4},"end":{"line":77,"column":40}},"62":{"start":{"line":78,"column":4},"end":{"line":80,"column":7}},"63":{"start":{"line":79,"column":6},"end":{"line":79,"column":51}},"64":{"start":{"line":82,"column":2},"end":{"line":85,"column":3}},"65":{"start":{"line":83,"column":24},"end":{"line":83,"column":62}},"66":{"start":{"line":84,"column":4},"end":{"line":84,"column":39}},"67":{"start":{"line":88,"column":0},"end":{"line":145,"column":3}},"68":{"start":{"line":89,"column":18},"end":{"line":89,"column":49}},"69":{"start":{"line":90,"column":18},"end":{"line":90,"column":49}},"70":{"start":{"line":91,"column":21},"end":{"line":91,"column":52}},"71":{"start":{"line":96,"column":4},"end":{"line":96,"column":36}},"72":{"start":{"line":97,"column":4},"end":{"line":97,"column":39}},"73":{"start":{"line":99,"column":4},"end":{"line":99,"column":41}},"74":{"start":{"line":101,"column":4},"end":{"line":104,"column":7}},"75":{"start":{"line":102,"column":6},"end":{"line":102,"column":50}},"76":{"start":{"line":103,"column":6},"end":{"line":103,"column":30}},"77":{"start":{"line":106,"column":4},"end":{"line":108,"column":7}},"78":{"start":{"line":107,"column":6},"end":{"line":107,"column":33}},"79":{"start":{"line":111,"column":2},"end":{"line":120,"column":5}},"80":{"start":{"line":112,"column":21},"end":{"line":112,"column":62}},"81":{"start":{"line":113,"column":17},"end":{"line":113,"column":54}},"82":{"start":{"line":114,"column":4},"end":{"line":119,"column":5}},"83":{"start":{"line":115,"column":6},"end":{"line":115,"column":60}},"84":{"start":{"line":116,"column":6},"end":{"line":116,"column":37}},"85":{"start":{"line":118,"column":6},"end":{"line":118,"column":54}},"86":{"start":{"line":122,"column":2},"end":{"line":137,"column":5}},"87":{"start":{"line":123,"column":17},"end":{"line":123,"column":37}},"88":{"start":{"line":124,"column":4},"end":{"line":136,"column":5}},"89":{"start":{"line":125,"column":29},"end":{"line":125,"column":53}},"90":{"start":{"line":126,"column":25},"end":{"line":126,"column":44}},"91":{"start":{"line":127,"column":6},"end":{"line":127,"column":39}},"92":{"start":{"line":129,"column":6},"end":{"line":129,"column":41}},"93":{"start":{"line":130,"column":6},"end":{"line":130,"column":38}},"94":{"start":{"line":131,"column":6},"end":{"line":135,"column":7}},"95":{"start":{"line":132,"column":8},"end":{"line":132,"column":28}},"96":{"start":{"line":133,"column":8},"end":{"line":133,"column":26}},"97":{"start":{"line":134,"column":8},"end":{"line":134,"column":22}},"98":{"start":{"line":139,"column":22},"end":{"line":139,"column":42}},"99":{"start":{"line":140,"column":2},"end":{"line":144,"column":3}},"100":{"start":{"line":141,"column":27},"end":{"line":141,"column":58}},"101":{"start":{"line":142,"column":23},"end":{"line":142,"column":42}},"102":{"start":{"line":143,"column":4},"end":{"line":143,"column":37}},"103":{"start":{"line":147,"column":0},"end":{"line":147,"column":68}}},"fnMap":{"0":{"name":"createGameBoard","decl":{"start":{"line":1,"column":9},"end":{"line":1,"column":24}},"loc":{"start":{"line":1,"column":37},"end":{"line":66,"column":1}},"line":1},"1":{"name":"createGrid","decl":{"start":{"line":8,"column":11},"end":{"line":8,"column":21}},"loc":{"start":{"line":8,"column":30},"end":{"line":31,"column":3}},"line":8},"2":{"name":"createDashBoard","decl":{"start":{"line":33,"column":11},"end":{"line":33,"column":26}},"loc":{"start":{"line":33,"column":29},"end":{"line":60,"column":3}},"line":33},"3":{"name":"removeGameBoard","decl":{"start":{"line":68,"column":9},"end":{"line":68,"column":24}},"loc":{"start":{"line":68,"column":27},"end":{"line":71,"column":1}},"line":68},"4":{"name":"parseMessage","decl":{"start":{"line":73,"column":9},"end":{"line":73,"column":21}},"loc":{"start":{"line":73,"column":36},"end":{"line":86,"column":1}},"line":73},"5":{"name":"(anonymous_5)","decl":{"start":{"line":78,"column":42},"end":{"line":78,"column":43}},"loc":{"start":{"line":78,"column":48},"end":{"line":80,"column":5}},"line":78},"6":{"name":"(anonymous_6)","decl":{"start":{"line":88,"column":46},"end":{"line":88,"column":47}},"loc":{"start":{"line":88,"column":52},"end":{"line":145,"column":1}},"line":88},"7":{"name":"navigateToGame","decl":{"start":{"line":95,"column":11},"end":{"line":95,"column":25}},"loc":{"start":{"line":95,"column":42},"end":{"line":109,"column":3}},"line":95},"8":{"name":"(anonymous_8)","decl":{"start":{"line":101,"column":25},"end":{"line":101,"column":26}},"loc":{"start":{"line":101,"column":31},"end":{"line":104,"column":5}},"line":101},"9":{"name":"(anonymous_9)","decl":{"start":{"line":106,"column":25},"end":{"line":106,"column":26}},"loc":{"start":{"line":106,"column":35},"end":{"line":108,"column":5}},"line":106},"10":{"name":"(anonymous_10)","decl":{"start":{"line":111,"column":39},"end":{"line":111,"column":40}},"loc":{"start":{"line":111,"column":45},"end":{"line":120,"column":3}},"line":111},"11":{"name":"(anonymous_11)","decl":{"start":{"line":122,"column":38},"end":{"line":122,"column":39}},"loc":{"start":{"line":122,"column":44},"end":{"line":137,"column":3}},"line":122}},"branchMap":{"0":{"loc":{"start":{"line":75,"column":2},"end":{"line":81,"column":3}},"type":"if","locations":[{"start":{"line":75,"column":2},"end":{"line":81,"column":3}},{"start":{},"end":{}}],"line":75},"1":{"loc":{"start":{"line":82,"column":2},"end":{"line":85,"column":3}},"type":"if","locations":[{"start":{"line":82,"column":2},"end":{"line":85,"column":3}},{"start":{},"end":{}}],"line":82},"2":{"loc":{"start":{"line":114,"column":4},"end":{"line":119,"column":5}},"type":"if","locations":[{"start":{"line":114,"column":4},"end":{"line":119,"column":5}},{"start":{"line":117,"column":11},"end":{"line":119,"column":5}}],"line":114},"3":{"loc":{"start":{"line":114,"column":8},"end":{"line":114,"column":24}},"type":"binary-expr","locations":[{"start":{"line":114,"column":8},"end":{"line":114,"column":16}},{"start":{"line":114,"column":20},"end":{"line":114,"column":24}}],"line":114},"4":{"loc":{"start":{"line":124,"column":4},"end":{"line":136,"column":5}},"type":"if","locations":[{"start":{"line":124,"column":4},"end":{"line":136,"column":5}},{"start":{"line":128,"column":11},"end":{"line":136,"column":5}}],"line":124},"5":{"loc":{"start":{"line":131,"column":6},"end":{"line":135,"column":7}},"type":"if","locations":[{"start":{"line":131,"column":6},"end":{"line":135,"column":7}},{"start":{},"end":{}}],"line":131},"6":{"loc":{"start":{"line":140,"column":2},"end":{"line":144,"column":3}},"type":"if","locations":[{"start":{"line":140,"column":2},"end":{"line":144,"column":3}},{"start":{},"end":{}}],"line":140}},"s":{"0":1,"1":1,"2":1,"3":1,"4":1,"5":2,"6":2,"7":2,"8":2,"9":2,"10":2,"11":2,"12":2,"13":2,"14":2,"15":2,"16":2,"17":400,"18":400,"19":400,"20":400,"21":400,"22":400,"23":400,"24":400,"25":2,"26":1,"27":1,"28":1,"29":1,"30":1,"31":1,"32":1,"33":1,"34":1,"35":16,"36":16,"37":16,"38":16,"39":16,"40":16,"41":16,"42":16,"43":1,"44":1,"45":1,"46":1,"47":1,"48":1,"49":1,"50":1,"51":1,"52":1,"53":1,"54":1,"55":1,"56":1,"57":1,"58":1,"59":1,"60":1,"61":1,"62":1,"63":0,"64":1,"65":0,"66":0,"67":1,"68":0,"69":0,"70":0,"71":0,"72":0,"73":0,"74":0,"75":0,"76":0,"77":0,"78":0,"79":0,"80":0,"81":0,"82":0,"83":0,"84":0,"85":0,"86":0,"87":0,"88":0,"89":0,"90":0,"91":0,"92":0,"93":0,"94":0,"95":0,"96":0,"97":0,"98":0,"99":0,"100":0,"101":0,"102":0,"103":1},"f":{"0":1,"1":2,"2":1,"3":1,"4":1,"5":0,"6":0,"7":0,"8":0,"9":0,"10":0,"11":0},"b":{"0":[1,0],"1":[0,1],"2":[0,0],"3":[0,0],"4":[0,0],"5":[0,0],"6":[0,0]},"_coverageSchema":"1a1c01bbd47fc00a2c39e90264f33305004495a9","hash":"1e37e711c656f156f7e60919558e1a734be3d4de"}
,"/Users/zsolt/Documents/Code/Red-Tetris/red_tetris/src/server/classes/Game.js": {"path":"/Users/zsolt/Documents/Code/Red-Tetris/red_tetris/src/server/classes/Game.js","statementMap":{"0":{"start":{"line":1,"column":15},"end":{"line":1,"column":34}},"1":{"start":{"line":5,"column":4},"end":{"line":5,"column":33}},"2":{"start":{"line":6,"column":4},"end":{"line":6,"column":24}},"3":{"start":{"line":7,"column":4},"end":{"line":7,"column":24}},"4":{"start":{"line":8,"column":4},"end":{"line":8,"column":31}},"5":{"start":{"line":9,"column":4},"end":{"line":9,"column":21}},"6":{"start":{"line":10,"column":4},"end":{"line":10,"column":17}},"7":{"start":{"line":11,"column":4},"end":{"line":11,"column":32}},"8":{"start":{"line":15,"column":4},"end":{"line":15,"column":67}},"9":{"start":{"line":16,"column":4},"end":{"line":18,"column":55}},"10":{"start":{"line":16,"column":31},"end":{"line":16,"column":80}},"11":{"start":{"line":17,"column":9},"end":{"line":18,"column":55}},"12":{"start":{"line":18,"column":6},"end":{"line":18,"column":55}},"13":{"start":{"line":19,"column":4},"end":{"line":19,"column":29}},"14":{"start":{"line":23,"column":4},"end":{"line":27,"column":5}},"15":{"start":{"line":24,"column":6},"end":{"line":24,"column":47}},"16":{"start":{"line":25,"column":6},"end":{"line":25,"column":34}},"17":{"start":{"line":26,"column":6},"end":{"line":26,"column":26}},"18":{"start":{"line":28,"column":4},"end":{"line":35,"column":5}},"19":{"start":{"line":29,"column":6},"end":{"line":29,"column":47}},"20":{"start":{"line":30,"column":6},"end":{"line":30,"column":26}},"21":{"start":{"line":31,"column":6},"end":{"line":31,"column":21}},"22":{"start":{"line":33,"column":6},"end":{"line":33,"column":47}},"23":{"start":{"line":34,"column":6},"end":{"line":34,"column":13}},"24":{"start":{"line":36,"column":4},"end":{"line":45,"column":5}},"25":{"start":{"line":37,"column":6},"end":{"line":44,"column":7}},"26":{"start":{"line":40,"column":8},"end":{"line":43,"column":9}},"27":{"start":{"line":41,"column":10},"end":{"line":41,"column":32}},"28":{"start":{"line":42,"column":10},"end":{"line":42,"column":16}},"29":{"start":{"line":51,"column":4},"end":{"line":51,"column":31}},"30":{"start":{"line":52,"column":4},"end":{"line":52,"column":75}},"31":{"start":{"line":53,"column":4},"end":{"line":57,"column":13}},"32":{"start":{"line":54,"column":6},"end":{"line":54,"column":23}},"33":{"start":{"line":55,"column":6},"end":{"line":55,"column":77}},"34":{"start":{"line":63,"column":4},"end":{"line":63,"column":29}},"35":{"start":{"line":67,"column":0},"end":{"line":67,"column":22}}},"fnMap":{"0":{"name":"(anonymous_0)","decl":{"start":{"line":4,"column":2},"end":{"line":4,"column":3}},"loc":{"start":{"line":4,"column":24},"end":{"line":12,"column":3}},"line":4},"1":{"name":"(anonymous_1)","decl":{"start":{"line":14,"column":2},"end":{"line":14,"column":3}},"loc":{"start":{"line":14,"column":28},"end":{"line":20,"column":3}},"line":14},"2":{"name":"(anonymous_2)","decl":{"start":{"line":22,"column":2},"end":{"line":22,"column":3}},"loc":{"start":{"line":22,"column":25},"end":{"line":46,"column":3}},"line":22},"3":{"name":"(anonymous_3)","decl":{"start":{"line":48,"column":2},"end":{"line":48,"column":3}},"loc":{"start":{"line":48,"column":14},"end":{"line":48,"column":16}},"line":48},"4":{"name":"(anonymous_4)","decl":{"start":{"line":50,"column":2},"end":{"line":50,"column":3}},"loc":{"start":{"line":50,"column":14},"end":{"line":58,"column":3}},"line":50},"5":{"name":"(anonymous_5)","decl":{"start":{"line":53,"column":16},"end":{"line":53,"column":17}},"loc":{"start":{"line":53,"column":22},"end":{"line":57,"column":5}},"line":53},"6":{"name":"(anonymous_6)","decl":{"start":{"line":60,"column":2},"end":{"line":60,"column":3}},"loc":{"start":{"line":60,"column":21},"end":{"line":60,"column":23}},"line":60},"7":{"name":"(anonymous_7)","decl":{"start":{"line":62,"column":2},"end":{"line":62,"column":3}},"loc":{"start":{"line":62,"column":12},"end":{"line":64,"column":3}},"line":62}},"branchMap":{"0":{"loc":{"start":{"line":16,"column":4},"end":{"line":18,"column":55}},"type":"if","locations":[{"start":{"line":16,"column":4},"end":{"line":18,"column":55}},{"start":{"line":17,"column":9},"end":{"line":18,"column":55}}],"line":16},"1":{"loc":{"start":{"line":17,"column":9},"end":{"line":18,"column":55}},"type":"if","locations":[{"start":{"line":17,"column":9},"end":{"line":18,"column":55}},{"start":{},"end":{}}],"line":17},"2":{"loc":{"start":{"line":23,"column":4},"end":{"line":27,"column":5}},"type":"if","locations":[{"start":{"line":23,"column":4},"end":{"line":27,"column":5}},{"start":{},"end":{}}],"line":23},"3":{"loc":{"start":{"line":23,"column":8},"end":{"line":23,"column":67}},"type":"binary-expr","locations":[{"start":{"line":23,"column":8},"end":{"line":23,"column":29}},{"start":{"line":23,"column":33},"end":{"line":23,"column":67}}],"line":23},"4":{"loc":{"start":{"line":28,"column":4},"end":{"line":35,"column":5}},"type":"if","locations":[{"start":{"line":28,"column":4},"end":{"line":35,"column":5}},{"start":{"line":32,"column":11},"end":{"line":35,"column":5}}],"line":28},"5":{"loc":{"start":{"line":28,"column":8},"end":{"line":28,"column":67}},"type":"binary-expr","locations":[{"start":{"line":28,"column":8},"end":{"line":28,"column":29}},{"start":{"line":28,"column":33},"end":{"line":28,"column":67}}],"line":28},"6":{"loc":{"start":{"line":36,"column":4},"end":{"line":45,"column":5}},"type":"if","locations":[{"start":{"line":36,"column":4},"end":{"line":45,"column":5}},{"start":{},"end":{}}],"line":36},"7":{"loc":{"start":{"line":40,"column":8},"end":{"line":43,"column":9}},"type":"if","locations":[{"start":{"line":40,"column":8},"end":{"line":43,"column":9}},{"start":{},"end":{}}],"line":40},"8":{"loc":{"start":{"line":40,"column":12},"end":{"line":40,"column":71}},"type":"binary-expr","locations":[{"start":{"line":40,"column":12},"end":{"line":40,"column":33}},{"start":{"line":40,"column":37},"end":{"line":40,"column":71}}],"line":40}},"s":{"0":1,"1":0,"2":0,"3":0,"4":0,"5":0,"6":0,"7":0,"8":0,"9":0,"10":0,"11":0,"12":0,"13":0,"14":0,"15":0,"16":0,"17":0,"18":0,"19":0,"20":0,"21":0,"22":0,"23":0,"24":0,"25":0,"26":0,"27":0,"28":0,"29":0,"30":0,"31":0,"32":0,"33":0,"34":0,"35":1},"f":{"0":0,"1":0,"2":0,"3":0,"4":0,"5":0,"6":0,"7":0},"b":{"0":[0,0],"1":[0,0],"2":[0,0],"3":[0,0],"4":[0,0],"5":[0,0],"6":[0,0],"7":[0,0],"8":[0,0]},"_coverageSchema":"1a1c01bbd47fc00a2c39e90264f33305004495a9","hash":"4ffc9c63794855a2590ed9842b2080362a4ab97b"}
,"/Users/zsolt/Documents/Code/Red-Tetris/red_tetris/src/server/classes/Piece.js": {"path":"/Users/zsolt/Documents/Code/Red-Tetris/red_tetris/src/server/classes/Piece.js","statementMap":{"0":{"start":{"line":3,"column":4},"end":{"line":3,"column":18}},"1":{"start":{"line":4,"column":4},"end":{"line":4,"column":22}},"2":{"start":{"line":5,"column":4},"end":{"line":5,"column":20}},"3":{"start":{"line":9,"column":4},"end":{"line":9,"column":44}},"4":{"start":{"line":10,"column":4},"end":{"line":12,"column":6}},"5":{"start":{"line":11,"column":6},"end":{"line":11,"column":47}},"6":{"start":{"line":11,"column":26},"end":{"line":11,"column":46}},"7":{"start":{"line":16,"column":4},"end":{"line":16,"column":44}},"8":{"start":{"line":17,"column":4},"end":{"line":19,"column":6}},"9":{"start":{"line":18,"column":6},"end":{"line":18,"column":47}},"10":{"start":{"line":18,"column":26},"end":{"line":18,"column":46}},"11":{"start":{"line":23,"column":4},"end":{"line":23,"column":28}},"12":{"start":{"line":27,"column":4},"end":{"line":27,"column":22}},"13":{"start":{"line":33,"column":4},"end":{"line":33,"column":12}},"14":{"start":{"line":34,"column":4},"end":{"line":34,"column":18}},"15":{"start":{"line":35,"column":4},"end":{"line":35,"column":22}},"16":{"start":{"line":36,"column":4},"end":{"line":40,"column":6}},"17":{"start":{"line":46,"column":4},"end":{"line":46,"column":12}},"18":{"start":{"line":47,"column":4},"end":{"line":47,"column":18}},"19":{"start":{"line":48,"column":4},"end":{"line":48,"column":22}},"20":{"start":{"line":49,"column":4},"end":{"line":53,"column":6}},"21":{"start":{"line":59,"column":4},"end":{"line":59,"column":12}},"22":{"start":{"line":60,"column":4},"end":{"line":60,"column":18}},"23":{"start":{"line":61,"column":4},"end":{"line":61,"column":22}},"24":{"start":{"line":62,"column":4},"end":{"line":66,"column":6}},"25":{"start":{"line":72,"column":4},"end":{"line":72,"column":12}},"26":{"start":{"line":73,"column":4},"end":{"line":73,"column":18}},"27":{"start":{"line":74,"column":4},"end":{"line":74,"column":22}},"28":{"start":{"line":75,"column":4},"end":{"line":79,"column":6}},"29":{"start":{"line":85,"column":4},"end":{"line":85,"column":12}},"30":{"start":{"line":86,"column":4},"end":{"line":86,"column":18}},"31":{"start":{"line":87,"column":4},"end":{"line":87,"column":22}},"32":{"start":{"line":88,"column":4},"end":{"line":91,"column":6}},"33":{"start":{"line":97,"column":4},"end":{"line":97,"column":12}},"34":{"start":{"line":98,"column":4},"end":{"line":98,"column":18}},"35":{"start":{"line":99,"column":4},"end":{"line":99,"column":22}},"36":{"start":{"line":100,"column":4},"end":{"line":104,"column":6}},"37":{"start":{"line":110,"column":4},"end":{"line":110,"column":12}},"38":{"start":{"line":111,"column":4},"end":{"line":111,"column":18}},"39":{"start":{"line":112,"column":4},"end":{"line":112,"column":22}},"40":{"start":{"line":113,"column":4},"end":{"line":118,"column":6}},"41":{"start":{"line":122,"column":0},"end":{"line":130,"column":2}}},"fnMap":{"0":{"name":"(anonymous_0)","decl":{"start":{"line":2,"column":2},"end":{"line":2,"column":3}},"loc":{"start":{"line":2,"column":16},"end":{"line":6,"column":3}},"line":2},"1":{"name":"(anonymous_1)","decl":{"start":{"line":8,"column":2},"end":{"line":8,"column":3}},"loc":{"start":{"line":8,"column":11},"end":{"line":13,"column":3}},"line":8},"2":{"name":"(anonymous_2)","decl":{"start":{"line":10,"column":32},"end":{"line":10,"column":33}},"loc":{"start":{"line":11,"column":6},"end":{"line":11,"column":47}},"line":11},"3":{"name":"(anonymous_3)","decl":{"start":{"line":11,"column":14},"end":{"line":11,"column":15}},"loc":{"start":{"line":11,"column":26},"end":{"line":11,"column":46}},"line":11},"4":{"name":"(anonymous_4)","decl":{"start":{"line":15,"column":2},"end":{"line":15,"column":3}},"loc":{"start":{"line":15,"column":18},"end":{"line":20,"column":3}},"line":15},"5":{"name":"(anonymous_5)","decl":{"start":{"line":17,"column":32},"end":{"line":17,"column":33}},"loc":{"start":{"line":18,"column":6},"end":{"line":18,"column":47}},"line":18},"6":{"name":"(anonymous_6)","decl":{"start":{"line":18,"column":14},"end":{"line":18,"column":15}},"loc":{"start":{"line":18,"column":26},"end":{"line":18,"column":46}},"line":18},"7":{"name":"(anonymous_7)","decl":{"start":{"line":22,"column":2},"end":{"line":22,"column":3}},"loc":{"start":{"line":22,"column":10},"end":{"line":24,"column":3}},"line":22},"8":{"name":"(anonymous_8)","decl":{"start":{"line":26,"column":2},"end":{"line":26,"column":3}},"loc":{"start":{"line":26,"column":13},"end":{"line":28,"column":3}},"line":26},"9":{"name":"(anonymous_9)","decl":{"start":{"line":32,"column":2},"end":{"line":32,"column":3}},"loc":{"start":{"line":32,"column":16},"end":{"line":41,"column":3}},"line":32},"10":{"name":"(anonymous_10)","decl":{"start":{"line":45,"column":2},"end":{"line":45,"column":3}},"loc":{"start":{"line":45,"column":16},"end":{"line":54,"column":3}},"line":45},"11":{"name":"(anonymous_11)","decl":{"start":{"line":58,"column":2},"end":{"line":58,"column":3}},"loc":{"start":{"line":58,"column":16},"end":{"line":67,"column":3}},"line":58},"12":{"name":"(anonymous_12)","decl":{"start":{"line":71,"column":2},"end":{"line":71,"column":3}},"loc":{"start":{"line":71,"column":16},"end":{"line":80,"column":3}},"line":71},"13":{"name":"(anonymous_13)","decl":{"start":{"line":84,"column":2},"end":{"line":84,"column":3}},"loc":{"start":{"line":84,"column":16},"end":{"line":92,"column":3}},"line":84},"14":{"name":"(anonymous_14)","decl":{"start":{"line":96,"column":2},"end":{"line":96,"column":3}},"loc":{"start":{"line":96,"column":16},"end":{"line":105,"column":3}},"line":96},"15":{"name":"(anonymous_15)","decl":{"start":{"line":109,"column":2},"end":{"line":109,"column":3}},"loc":{"start":{"line":109,"column":16},"end":{"line":119,"column":3}},"line":109}},"branchMap":{},"s":{"0":0,"1":0,"2":0,"3":0,"4":0,"5":0,"6":0,"7":0,"8":0,"9":0,"10":0,"11":0,"12":0,"13":0,"14":0,"15":0,"16":0,"17":0,"18":0,"19":0,"20":0,"21":0,"22":0,"23":0,"24":0,"25":0,"26":0,"27":0,"28":0,"29":0,"30":0,"31":0,"32":0,"33":0,"34":0,"35":0,"36":0,"37":0,"38":0,"39":0,"40":0,"41":1},"f":{"0":0,"1":0,"2":0,"3":0,"4":0,"5":0,"6":0,"7":0,"8":0,"9":0,"10":0,"11":0,"12":0,"13":0,"14":0,"15":0},"b":{},"_coverageSchema":"1a1c01bbd47fc00a2c39e90264f33305004495a9","hash":"bb53223fa6921395b2c0917ef77ea52feae1684d"}
,"/Users/zsolt/Documents/Code/Red-Tetris/red_tetris/src/server/classes/Player.js": {"path":"/Users/zsolt/Documents/Code/Red-Tetris/red_tetris/src/server/classes/Player.js","statementMap":{"0":{"start":{"line":1,"column":14},"end":{"line":1,"column":32}},"1":{"start":{"line":3,"column":0},"end":{"line":3,"column":66}},"2":{"start":{"line":4,"column":0},"end":{"line":25,"column":2}},"3":{"start":{"line":29,"column":4},"end":{"line":29,"column":21}},"4":{"start":{"line":30,"column":4},"end":{"line":30,"column":29}},"5":{"start":{"line":31,"column":4},"end":{"line":31,"column":19}},"6":{"start":{"line":32,"column":4},"end":{"line":32,"column":69}},"7":{"start":{"line":32,"column":50},"end":{"line":32,"column":67}},"8":{"start":{"line":33,"column":4},"end":{"line":33,"column":29}},"9":{"start":{"line":34,"column":4},"end":{"line":34,"column":26}},"10":{"start":{"line":35,"column":4},"end":{"line":35,"column":24}},"11":{"start":{"line":36,"column":4},"end":{"line":36,"column":29}},"12":{"start":{"line":37,"column":4},"end":{"line":37,"column":24}},"13":{"start":{"line":41,"column":4},"end":{"line":41,"column":73}},"14":{"start":{"line":41,"column":54},"end":{"line":41,"column":71}},"15":{"start":{"line":45,"column":4},"end":{"line":45,"column":24}},"16":{"start":{"line":49,"column":24},"end":{"line":49,"column":26}},"17":{"start":{"line":50,"column":4},"end":{"line":54,"column":5}},"18":{"start":{"line":50,"column":17},"end":{"line":50,"column":18}},"19":{"start":{"line":51,"column":6},"end":{"line":53,"column":7}},"20":{"start":{"line":51,"column":19},"end":{"line":51,"column":20}},"21":{"start":{"line":52,"column":8},"end":{"line":52,"column":74}},"22":{"start":{"line":58,"column":0},"end":{"line":58,"column":24}}},"fnMap":{"0":{"name":"(anonymous_0)","decl":{"start":{"line":28,"column":2},"end":{"line":28,"column":3}},"loc":{"start":{"line":28,"column":30},"end":{"line":38,"column":3}},"line":28},"1":{"name":"(anonymous_1)","decl":{"start":{"line":32,"column":44},"end":{"line":32,"column":45}},"loc":{"start":{"line":32,"column":50},"end":{"line":32,"column":67}},"line":32},"2":{"name":"(anonymous_2)","decl":{"start":{"line":40,"column":2},"end":{"line":40,"column":3}},"loc":{"start":{"line":40,"column":18},"end":{"line":42,"column":3}},"line":40},"3":{"name":"(anonymous_3)","decl":{"start":{"line":41,"column":48},"end":{"line":41,"column":49}},"loc":{"start":{"line":41,"column":54},"end":{"line":41,"column":71}},"line":41},"4":{"name":"(anonymous_4)","decl":{"start":{"line":44,"column":2},"end":{"line":44,"column":3}},"loc":{"start":{"line":44,"column":18},"end":{"line":46,"column":3}},"line":44},"5":{"name":"(anonymous_5)","decl":{"start":{"line":48,"column":2},"end":{"line":48,"column":3}},"loc":{"start":{"line":48,"column":16},"end":{"line":55,"column":3}},"line":48}},"branchMap":{},"s":{"0":1,"1":1,"2":1,"3":0,"4":0,"5":0,"6":0,"7":0,"8":0,"9":0,"10":0,"11":0,"12":0,"13":0,"14":0,"15":0,"16":0,"17":0,"18":0,"19":0,"20":0,"21":0,"22":1},"f":{"0":0,"1":0,"2":0,"3":0,"4":0,"5":0},"b":{},"_coverageSchema":"1a1c01bbd47fc00a2c39e90264f33305004495a9","hash":"56b3f0f6072aeac8636eff2fcd5c3eaedb59f418"}
}
