{"total": {"lines":{"total":108,"covered":91,"skipped":0,"pct":84.25},"statements":{"total":108,"covered":91,"skipped":0,"pct":84.25},"functions":{"total":22,"covered":14,"skipped":0,"pct":63.63},"branches":{"total":51,"covered":39,"skipped":0,"pct":76.47},"branchesTrue":{"total":0,"covered":0,"skipped":0,"pct":100}}
,"/Users/zstenger/Desktop/42/Red-Tetris/app/src/client/HomePage.vue": {"lines":{"total":46,"covered":36,"skipped":0,"pct":78.26},"functions":{"total":12,"covered":8,"skipped":0,"pct":66.66},"statements":{"total":46,"covered":36,"skipped":0,"pct":78.26},"branches":{"total":39,"covered":33,"skipped":0,"pct":84.61}}
,"/Users/zstenger/Desktop/42/Red-Tetris/app/src/client/SoloTetris.vue": {"lines":{"total":12,"covered":12,"skipped":0,"pct":100},"functions":{"total":2,"covered":2,"skipped":0,"pct":100},"statements":{"total":12,"covered":12,"skipped":0,"pct":100},"branches":{"total":0,"covered":0,"skipped":0,"pct":100}}
,"/Users/zstenger/Desktop/42/Red-Tetris/app/src/client/TetrisLobby.vue": {"lines":{"total":18,"covered":11,"skipped":0,"pct":61.11},"functions":{"total":6,"covered":2,"skipped":0,"pct":33.33},"statements":{"total":18,"covered":11,"skipped":0,"pct":61.11},"branches":{"total":12,"covered":6,"skipped":0,"pct":50}}
,"/Users/zstenger/Desktop/42/Red-Tetris/app/src/components/HelloWorld.vue": {"lines":{"total":11,"covered":11,"skipped":0,"pct":100},"functions":{"total":1,"covered":1,"skipped":0,"pct":100},"statements":{"total":11,"covered":11,"skipped":0,"pct":100},"branches":{"total":0,"covered":0,"skipped":0,"pct":100}}
,"/Users/zstenger/Desktop/42/Red-Tetris/app/src/components/HowToPlay.vue": {"lines":{"total":21,"covered":21,"skipped":0,"pct":100},"functions":{"total":1,"covered":1,"skipped":0,"pct":100},"statements":{"total":21,"covered":21,"skipped":0,"pct":100},"branches":{"total":0,"covered":0,"skipped":0,"pct":100}}
}
